  Main.c
e:\大學\大一\程設\ch3\ch3-lab-allen813\ch3-lab1\source\main.c : warning C4828: 檔案包含起始於位移 0xb9 的字元，在目前的來源字元集 (字碼頁 65001) 中不是合法的字元。
e:\大學\大一\程設\ch3\ch3-lab-allen813\ch3-lab1\source\main.c : warning C4828: 檔案包含起始於位移 0xbc 的字元，在目前的來源字元集 (字碼頁 65001) 中不是合法的字元。
e:\大學\大一\程設\ch3\ch3-lab-allen813\ch3-lab1\source\main.c : warning C4828: 檔案包含起始於位移 0xe4 的字元，在目前的來源字元集 (字碼頁 65001) 中不是合法的字元。
e:\大學\大一\程設\ch3\ch3-lab-allen813\ch3-lab1\source\main.c : warning C4828: 檔案包含起始於位移 0xea 的字元，在目前的來源字元集 (字碼頁 65001) 中不是合法的字元。
e:\大學\大一\程設\ch3\ch3-lab-allen813\ch3-lab1\source\main.c : warning C4828: 檔案包含起始於位移 0xeb 的字元，在目前的來源字元集 (字碼頁 65001) 中不是合法的字元。
e:\大學\大一\程設\ch3\ch3-lab-allen813\ch3-lab1\source\main.c : warning C4828: 檔案包含起始於位移 0xec 的字元，在目前的來源字元集 (字碼頁 65001) 中不是合法的字元。
e:\大學\大一\程設\ch3\ch3-lab-allen813\ch3-lab1\source\main.c : warning C4828: 檔案包含起始於位移 0xee 的字元，在目前的來源字元集 (字碼頁 65001) 中不是合法的字元。
e:\大學\大一\程設\ch3\ch3-lab-allen813\ch3-lab1\source\main.c : warning C4828: 檔案包含起始於位移 0xf6 的字元，在目前的來源字元集 (字碼頁 65001) 中不是合法的字元。
e:\大學\大一\程設\ch3\ch3-lab-allen813\ch3-lab1\source\main.c : warning C4828: 檔案包含起始於位移 0xf7 的字元，在目前的來源字元集 (字碼頁 65001) 中不是合法的字元。
e:\大學\大一\程設\ch3\ch3-lab-allen813\ch3-lab1\source\main.c : warning C4828: 檔案包含起始於位移 0xf8 的字元，在目前的來源字元集 (字碼頁 65001) 中不是合法的字元。
e:\大學\大一\程設\ch3\ch3-lab-allen813\ch3-lab1\source\main.c : warning C4828: 檔案包含起始於位移 0x100 的字元，在目前的來源字元集 (字碼頁 65001) 中不是合法的字元。
e:\大學\大一\程設\ch3\ch3-lab-allen813\ch3-lab1\source\main.c : warning C4828: 檔案包含起始於位移 0x104 的字元，在目前的來源字元集 (字碼頁 65001) 中不是合法的字元。
e:\大學\大一\程設\ch3\ch3-lab-allen813\ch3-lab1\source\main.c : warning C4828: 檔案包含起始於位移 0x105 的字元，在目前的來源字元集 (字碼頁 65001) 中不是合法的字元。
e:\大學\大一\程設\ch3\ch3-lab-allen813\ch3-lab1\source\main.c : warning C4828: 檔案包含起始於位移 0x108 的字元，在目前的來源字元集 (字碼頁 65001) 中不是合法的字元。
e:\大學\大一\程設\ch3\ch3-lab-allen813\ch3-lab1\source\main.c : warning C4828: 檔案包含起始於位移 0x10e 的字元，在目前的來源字元集 (字碼頁 65001) 中不是合法的字元。
e:\大學\大一\程設\ch3\ch3-lab-allen813\ch3-lab1\source\main.c : warning C4828: 檔案包含起始於位移 0x111 的字元，在目前的來源字元集 (字碼頁 65001) 中不是合法的字元。
e:\大學\大一\程設\ch3\ch3-lab-allen813\ch3-lab1\source\main.c : warning C4828: 檔案包含起始於位移 0x1dc 的字元，在目前的來源字元集 (字碼頁 65001) 中不是合法的字元。
e:\大學\大一\程設\ch3\ch3-lab-allen813\ch3-lab1\source\main.c : warning C4828: 檔案包含起始於位移 0x1dd 的字元，在目前的來源字元集 (字碼頁 65001) 中不是合法的字元。
e:\大學\大一\程設\ch3\ch3-lab-allen813\ch3-lab1\source\main.c : warning C4828: 檔案包含起始於位移 0x1e0 的字元，在目前的來源字元集 (字碼頁 65001) 中不是合法的字元。
e:\大學\大一\程設\ch3\ch3-lab-allen813\ch3-lab1\source\main.c : warning C4828: 檔案包含起始於位移 0x1e1 的字元，在目前的來源字元集 (字碼頁 65001) 中不是合法的字元。
e:\大學\大一\程設\ch3\ch3-lab-allen813\ch3-lab1\source\main.c : warning C4828: 檔案包含起始於位移 0x1e2 的字元，在目前的來源字元集 (字碼頁 65001) 中不是合法的字元。
e:\大學\大一\程設\ch3\ch3-lab-allen813\ch3-lab1\source\main.c : warning C4828: 檔案包含起始於位移 0x205 的字元，在目前的來源字元集 (字碼頁 65001) 中不是合法的字元。
e:\大學\大一\程設\ch3\ch3-lab-allen813\ch3-lab1\source\main.c : warning C4828: 檔案包含起始於位移 0x207 的字元，在目前的來源字元集 (字碼頁 65001) 中不是合法的字元。
e:\大學\大一\程設\ch3\ch3-lab-allen813\ch3-lab1\source\main.c : warning C4828: 檔案包含起始於位移 0x209 的字元，在目前的來源字元集 (字碼頁 65001) 中不是合法的字元。
e:\大學\大一\程設\ch3\ch3-lab-allen813\ch3-lab1\source\main.c : warning C4828: 檔案包含起始於位移 0x20a 的字元，在目前的來源字元集 (字碼頁 65001) 中不是合法的字元。
e:\大學\大一\程設\ch3\ch3-lab-allen813\ch3-lab1\source\main.c(14): warning C4996: 'scanf': This function or variable may be unsafe. Consider using scanf_s instead. To disable deprecation, use _CRT_SECURE_NO_WARNINGS. See online help for details.
  c:\program files (x86)\windows kits\10\include\10.0.17763.0\ucrt\stdio.h(1274): note: 請參閱 'scanf' 的宣告
e:\大學\大一\程設\ch3\ch3-lab-allen813\ch3-lab1\source\main.c(16): warning C4996: 'scanf': This function or variable may be unsafe. Consider using scanf_s instead. To disable deprecation, use _CRT_SECURE_NO_WARNINGS. See online help for details.
  c:\program files (x86)\windows kits\10\include\10.0.17763.0\ucrt\stdio.h(1274): note: 請參閱 'scanf' 的宣告
  Lab1.vcxproj -> E:\大學\大一\程設\CH3\ch3-lab-allen813\ch3-lab1\Lab1\x64\Debug\Lab1.exe
